<?xml version="1.0" encoding="utf-8"?><testsuites><testsuite name="pytest" errors="0" failures="0" skipped="0" tests="8" time="26.646" timestamp="2024-02-05T20:52:09.800718" hostname="Vitors-Air"><testcase classname="tests.test_angles" name="test_trough_angles" time="8.663" /><testcase classname="tests.test_angles" name="test_curve" time="1.221" /><testcase classname="tests.test_volume" name="test_trough_volume" time="1.951" /><testcase classname="tests.test_volume" name="test_bulb_volume" time="2.425" /><testcase classname="tests.test_volume" name="test_trough_layer_volume" time="0.029" /><testcase classname="tests.test_volume" name="test_sheet_volume" time="2.545" /><testcase classname="tests.test_volume" name="test_sheet_layer_volume" time="1.921" /><testcase classname="tests.test_volume" name="test_straight_channel" time="7.745" /></testsuite></testsuites>